{
"/Users/paul/play/js/bridge.js":{"path":"/Users/paul/play/js/bridge.js","s":{"1":1,"2":1,"3":1,"4":1,"5":1,"6":1,"7":5050,"8":1,"9":1,"10":0,"11":0,"12":0,"13":1,"14":1,"15":1,"16":0,"17":1,"18":1,"19":1,"20":1,"21":1,"22":1,"23":1,"24":50,"25":1,"26":0,"27":1,"28":5050,"29":5050,"30":5050,"31":232227,"32":5050,"33":5050,"34":5050,"35":5000,"36":5050,"37":1,"38":5000,"39":5000,"40":5000,"41":5000,"42":5000,"43":1,"44":1,"45":1,"46":1,"47":1,"48":5,"49":5000,"50":0,"51":0,"52":5000,"53":5,"54":5,"55":4,"56":1,"57":1,"58":1,"59":1,"60":1,"61":1,"62":1,"63":50,"64":50,"65":50,"66":50,"67":1,"68":5000,"69":5000,"70":5000,"71":30000,"72":15015,"73":14985,"74":5000,"75":5000,"76":98642,"77":5000,"78":1,"79":1,"80":5050,"81":5050,"82":5050,"83":5050,"84":5050,"85":1,"86":50,"87":300,"88":1,"89":300,"90":300,"91":300,"92":7200,"93":300,"94":7200,"95":7200,"96":7200,"97":300,"98":1,"99":30300,"100":1,"101":30000,"102":1,"103":0,"104":1,"105":98642,"106":98642,"107":98642,"108":4121,"109":94521,"110":94521,"111":94521,"112":94521,"113":1,"114":237794,"115":5050,"116":237794,"117":1,"118":5050,"119":5050,"120":5050,"121":5050,"122":2908800,"123":5050,"124":5050,"125":30300,"126":181800,"127":181800,"128":181800,"129":181800,"130":181800,"131":181800,"132":181800,"133":181800,"134":181800,"135":181800,"136":181800,"137":181800,"138":181800,"139":5050,"140":1,"141":5050,"142":5050,"143":5050,"144":5050,"145":2908800,"146":5050,"147":5050,"148":30300,"149":181800,"150":727200,"151":2908800,"152":2181600,"153":2181600,"154":2181600,"155":2181600,"156":5050,"157":1,"158":0,"159":0,"160":0,"161":0,"162":0,"163":0,"164":0,"165":0,"166":0,"167":0,"168":0,"169":0,"170":0,"171":0,"172":0,"173":1,"174":0,"175":1,"176":0,"177":0,"178":0,"179":0,"180":0,"181":0},"b":{"1":[0,1],"2":[237277,232744,232744],"3":[5050,0],"4":[5000,50],"5":[0,5000],"6":[15015,14985],"7":[4121,94521],"8":[5050,232744],"9":[5050,0],"10":[5050,0],"11":[2181600,727200]},"f":{"1":1,"2":5050,"3":0,"4":1,"5":1,"6":1,"7":0,"8":5050,"9":5000,"10":1,"11":5,"12":4,"13":1,"14":50,"15":5000,"16":5050,"17":5050,"18":50,"19":300,"20":30300,"21":30000,"22":0,"23":98642,"24":237794,"25":5050,"26":5050,"27":0,"28":0,"29":0},"fnMap":{"1":{"name":"(anonymous_1)","line":9,"loc":{"start":{"line":9,"column":17},"end":{"line":9,"column":29}}},"2":{"name":"(anonymous_2)","line":10,"loc":{"start":{"line":10,"column":41},"end":{"line":10,"column":53}}},"3":{"name":"completion_report","line":14,"loc":{"start":{"line":14,"column":0},"end":{"line":14,"column":29}}},"4":{"name":"handle_command","line":20,"loc":{"start":{"line":20,"column":0},"end":{"line":20,"column":26}}},"5":{"name":"population","line":29,"loc":{"start":{"line":29,"column":0},"end":{"line":29,"column":41}}},"6":{"name":"(anonymous_6)","line":33,"loc":{"start":{"line":33,"column":29},"end":{"line":33,"column":42}}},"7":{"name":"(anonymous_7)","line":40,"loc":{"start":{"line":40,"column":30},"end":{"line":40,"column":42}}},"8":{"name":"(anonymous_8)","line":43,"loc":{"start":{"line":43,"column":30},"end":{"line":43,"column":49}}},"9":{"name":"(anonymous_9)","line":55,"loc":{"start":{"line":55,"column":31},"end":{"line":55,"column":43}}},"10":{"name":"(anonymous_10)","line":63,"loc":{"start":{"line":63,"column":27},"end":{"line":63,"column":53}}},"11":{"name":"(anonymous_11)","line":73,"loc":{"start":{"line":73,"column":32},"end":{"line":73,"column":44}}},"12":{"name":"(anonymous_12)","line":82,"loc":{"start":{"line":82,"column":14},"end":{"line":82,"column":26}}},"13":{"name":"bridge_breeder","line":90,"loc":{"start":{"line":90,"column":0},"end":{"line":90,"column":41}}},"14":{"name":"(anonymous_14)","line":98,"loc":{"start":{"line":98,"column":33},"end":{"line":98,"column":45}}},"15":{"name":"(anonymous_15)","line":106,"loc":{"start":{"line":106,"column":35},"end":{"line":106,"column":53}}},"16":{"name":"bridge_species","line":121,"loc":{"start":{"line":121,"column":0},"end":{"line":121,"column":26}}},"17":{"name":"(anonymous_17)","line":122,"loc":{"start":{"line":122,"column":33},"end":{"line":122,"column":66}}},"18":{"name":"(anonymous_18)","line":129,"loc":{"start":{"line":129,"column":37},"end":{"line":129,"column":49}}},"19":{"name":"(anonymous_19)","line":132,"loc":{"start":{"line":132,"column":38},"end":{"line":132,"column":50}}},"20":{"name":"(anonymous_20)","line":144,"loc":{"start":{"line":144,"column":35},"end":{"line":144,"column":54}}},"21":{"name":"(anonymous_21)","line":145,"loc":{"start":{"line":145,"column":35},"end":{"line":145,"column":48}}},"22":{"name":"(anonymous_22)","line":146,"loc":{"start":{"line":146,"column":37},"end":{"line":146,"column":52}}},"23":{"name":"(anonymous_23)","line":147,"loc":{"start":{"line":147,"column":34},"end":{"line":147,"column":46}}},"24":{"name":"(anonymous_24)","line":156,"loc":{"start":{"line":156,"column":33},"end":{"line":156,"column":45}}},"25":{"name":"(anonymous_25)","line":164,"loc":{"start":{"line":164,"column":42},"end":{"line":164,"column":59}}},"26":{"name":"(anonymous_26)","line":192,"loc":{"start":{"line":192,"column":38},"end":{"line":192,"column":55}}},"27":{"name":"(anonymous_27)","line":217,"loc":{"start":{"line":217,"column":38},"end":{"line":217,"column":50}}},"28":{"name":"(anonymous_28)","line":238,"loc":{"start":{"line":238,"column":39},"end":{"line":238,"column":52}}},"29":{"name":"(anonymous_29)","line":241,"loc":{"start":{"line":241,"column":36},"end":{"line":241,"column":48}}}},"statementMap":{"1":{"start":{"line":2,"column":0},"end":{"line":2,"column":54}},"2":{"start":{"line":3,"column":0},"end":{"line":3,"column":8}},"3":{"start":{"line":5,"column":0},"end":{"line":5,"column":34}},"4":{"start":{"line":6,"column":0},"end":{"line":6,"column":45}},"5":{"start":{"line":9,"column":0},"end":{"line":12,"column":3}},"6":{"start":{"line":10,"column":1},"end":{"line":10,"column":88}},"7":{"start":{"line":10,"column":55},"end":{"line":10,"column":83}},"8":{"start":{"line":11,"column":1},"end":{"line":11,"column":34}},"9":{"start":{"line":14,"column":0},"end":{"line":18,"column":1}},"10":{"start":{"line":15,"column":1},"end":{"line":15,"column":32}},"11":{"start":{"line":16,"column":1},"end":{"line":16,"column":27}},"12":{"start":{"line":17,"column":1},"end":{"line":17,"column":16}},"13":{"start":{"line":20,"column":0},"end":{"line":26,"column":1}},"14":{"start":{"line":21,"column":1},"end":{"line":21,"column":34}},"15":{"start":{"line":22,"column":1},"end":{"line":25,"column":2}},"16":{"start":{"line":24,"column":2},"end":{"line":24,"column":92}},"17":{"start":{"line":29,"column":0},"end":{"line":32,"column":1}},"18":{"start":{"line":30,"column":1},"end":{"line":30,"column":48}},"19":{"start":{"line":31,"column":1},"end":{"line":31,"column":21}},"20":{"start":{"line":33,"column":0},"end":{"line":40,"column":0}},"21":{"start":{"line":34,"column":1},"end":{"line":34,"column":17}},"22":{"start":{"line":35,"column":1},"end":{"line":35,"column":15}},"23":{"start":{"line":36,"column":1},"end":{"line":38,"column":2}},"24":{"start":{"line":37,"column":2},"end":{"line":37,"column":48}},"25":{"start":{"line":40,"column":0},"end":{"line":43,"column":0}},"26":{"start":{"line":41,"column":1},"end":{"line":41,"column":20}},"27":{"start":{"line":43,"column":0},"end":{"line":55,"column":0}},"28":{"start":{"line":44,"column":1},"end":{"line":44,"column":13}},"29":{"start":{"line":45,"column":1},"end":{"line":45,"column":29}},"30":{"start":{"line":46,"column":1},"end":{"line":46,"column":89}},"31":{"start":{"line":46,"column":83},"end":{"line":46,"column":89}},"32":{"start":{"line":47,"column":1},"end":{"line":52,"column":2}},"33":{"start":{"line":50,"column":2},"end":{"line":50,"column":33}},"34":{"start":{"line":51,"column":2},"end":{"line":51,"column":52}},"35":{"start":{"line":51,"column":37},"end":{"line":51,"column":52}},"36":{"start":{"line":53,"column":1},"end":{"line":53,"column":12}},"37":{"start":{"line":55,"column":0},"end":{"line":63,"column":0}},"38":{"start":{"line":56,"column":1},"end":{"line":56,"column":62}},"39":{"start":{"line":57,"column":1},"end":{"line":57,"column":45}},"40":{"start":{"line":59,"column":1},"end":{"line":59,"column":78}},"41":{"start":{"line":60,"column":1},"end":{"line":60,"column":30}},"42":{"start":{"line":61,"column":1},"end":{"line":61,"column":19}},"43":{"start":{"line":63,"column":0},"end":{"line":73,"column":0}},"44":{"start":{"line":64,"column":1},"end":{"line":64,"column":16}},"45":{"start":{"line":65,"column":1},"end":{"line":65,"column":26}},"46":{"start":{"line":66,"column":1},"end":{"line":66,"column":17}},"47":{"start":{"line":73,"column":0},"end":{"line":90,"column":0}},"48":{"start":{"line":74,"column":1},"end":{"line":80,"column":2}},"49":{"start":{"line":75,"column":2},"end":{"line":78,"column":3}},"50":{"start":{"line":76,"column":3},"end":{"line":76,"column":19}},"51":{"start":{"line":77,"column":3},"end":{"line":77,"column":18}},"52":{"start":{"line":79,"column":2},"end":{"line":79,"column":17}},"53":{"start":{"line":81,"column":1},"end":{"line":81,"column":13}},"54":{"start":{"line":82,"column":1},"end":{"line":82,"column":48}},"55":{"start":{"line":82,"column":28},"end":{"line":82,"column":44}},"56":{"start":{"line":90,"column":0},"end":{"line":96,"column":1}},"57":{"start":{"line":91,"column":1},"end":{"line":91,"column":40}},"58":{"start":{"line":92,"column":1},"end":{"line":92,"column":16}},"59":{"start":{"line":93,"column":1},"end":{"line":93,"column":19}},"60":{"start":{"line":94,"column":1},"end":{"line":94,"column":16}},"61":{"start":{"line":95,"column":1},"end":{"line":95,"column":22}},"62":{"start":{"line":98,"column":0},"end":{"line":106,"column":0}},"63":{"start":{"line":99,"column":1},"end":{"line":99,"column":34}},"64":{"start":{"line":100,"column":1},"end":{"line":100,"column":49}},"65":{"start":{"line":102,"column":1},"end":{"line":102,"column":17}},"66":{"start":{"line":103,"column":1},"end":{"line":103,"column":12}},"67":{"start":{"line":106,"column":0},"end":{"line":121,"column":0}},"68":{"start":{"line":107,"column":1},"end":{"line":107,"column":34}},"69":{"start":{"line":108,"column":1},"end":{"line":108,"column":49}},"70":{"start":{"line":109,"column":1},"end":{"line":115,"column":2}},"71":{"start":{"line":110,"column":2},"end":{"line":114,"column":3}},"72":{"start":{"line":111,"column":3},"end":{"line":111,"column":33}},"73":{"start":{"line":113,"column":3},"end":{"line":113,"column":33}},"74":{"start":{"line":116,"column":1},"end":{"line":116,"column":59}},"75":{"start":{"line":117,"column":1},"end":{"line":117,"column":44}},"76":{"start":{"line":117,"column":31},"end":{"line":117,"column":44}},"77":{"start":{"line":118,"column":1},"end":{"line":118,"column":12}},"78":{"start":{"line":121,"column":0},"end":{"line":121,"column":29}},"79":{"start":{"line":122,"column":0},"end":{"line":129,"column":0}},"80":{"start":{"line":123,"column":1},"end":{"line":123,"column":20}},"81":{"start":{"line":124,"column":1},"end":{"line":124,"column":24}},"82":{"start":{"line":125,"column":1},"end":{"line":125,"column":20}},"83":{"start":{"line":126,"column":1},"end":{"line":126,"column":15}},"84":{"start":{"line":127,"column":1},"end":{"line":127,"column":25}},"85":{"start":{"line":129,"column":0},"end":{"line":132,"column":0}},"86":{"start":{"line":130,"column":1},"end":{"line":130,"column":69}},"87":{"start":{"line":130,"column":34},"end":{"line":130,"column":69}},"88":{"start":{"line":132,"column":0},"end":{"line":144,"column":0}},"89":{"start":{"line":133,"column":1},"end":{"line":133,"column":22}},"90":{"start":{"line":134,"column":1},"end":{"line":134,"column":14}},"91":{"start":{"line":135,"column":1},"end":{"line":135,"column":55}},"92":{"start":{"line":135,"column":36},"end":{"line":135,"column":55}},"93":{"start":{"line":137,"column":1},"end":{"line":141,"column":2}},"94":{"start":{"line":138,"column":2},"end":{"line":138,"column":57}},"95":{"start":{"line":139,"column":2},"end":{"line":139,"column":26}},"96":{"start":{"line":140,"column":2},"end":{"line":140,"column":27}},"97":{"start":{"line":142,"column":1},"end":{"line":142,"column":12}},"98":{"start":{"line":144,"column":0},"end":{"line":145,"column":0}},"99":{"start":{"line":144,"column":56},"end":{"line":144,"column":84}},"100":{"start":{"line":145,"column":0},"end":{"line":146,"column":0}},"101":{"start":{"line":145,"column":50},"end":{"line":145,"column":69}},"102":{"start":{"line":146,"column":0},"end":{"line":147,"column":0}},"103":{"start":{"line":146,"column":54},"end":{"line":146,"column":76}},"104":{"start":{"line":147,"column":0},"end":{"line":156,"column":0}},"105":{"start":{"line":148,"column":1},"end":{"line":148,"column":51}},"106":{"start":{"line":149,"column":1},"end":{"line":149,"column":51}},"107":{"start":{"line":150,"column":1},"end":{"line":150,"column":22}},"108":{"start":{"line":150,"column":15},"end":{"line":150,"column":22}},"109":{"start":{"line":151,"column":1},"end":{"line":151,"column":48}},"110":{"start":{"line":152,"column":1},"end":{"line":152,"column":28}},"111":{"start":{"line":153,"column":1},"end":{"line":153,"column":35}},"112":{"start":{"line":154,"column":1},"end":{"line":154,"column":24}},"113":{"start":{"line":156,"column":0},"end":{"line":164,"column":0}},"114":{"start":{"line":157,"column":1},"end":{"line":159,"column":2}},"115":{"start":{"line":158,"column":2},"end":{"line":158,"column":63}},"116":{"start":{"line":162,"column":1},"end":{"line":162,"column":25}},"117":{"start":{"line":164,"column":0},"end":{"line":192,"column":0}},"118":{"start":{"line":165,"column":1},"end":{"line":165,"column":23}},"119":{"start":{"line":166,"column":1},"end":{"line":166,"column":24}},"120":{"start":{"line":166,"column":13},"end":{"line":166,"column":24}},"121":{"start":{"line":167,"column":1},"end":{"line":167,"column":42}},"122":{"start":{"line":167,"column":29},"end":{"line":167,"column":42}},"123":{"start":{"line":168,"column":1},"end":{"line":168,"column":15}},"124":{"start":{"line":169,"column":1},"end":{"line":189,"column":2}},"125":{"start":{"line":170,"column":2},"end":{"line":188,"column":3}},"126":{"start":{"line":172,"column":3},"end":{"line":172,"column":26}},"127":{"start":{"line":173,"column":3},"end":{"line":173,"column":28}},"128":{"start":{"line":174,"column":3},"end":{"line":174,"column":28}},"129":{"start":{"line":175,"column":3},"end":{"line":175,"column":28}},"130":{"start":{"line":177,"column":3},"end":{"line":177,"column":21}},"131":{"start":{"line":178,"column":3},"end":{"line":178,"column":21}},"132":{"start":{"line":179,"column":3},"end":{"line":179,"column":21}},"133":{"start":{"line":180,"column":3},"end":{"line":180,"column":21}},"134":{"start":{"line":182,"column":3},"end":{"line":182,"column":58}},"135":{"start":{"line":184,"column":3},"end":{"line":184,"column":18}},"136":{"start":{"line":185,"column":3},"end":{"line":185,"column":18}},"137":{"start":{"line":186,"column":3},"end":{"line":186,"column":18}},"138":{"start":{"line":187,"column":3},"end":{"line":187,"column":18}},"139":{"start":{"line":190,"column":1},"end":{"line":190,"column":14}},"140":{"start":{"line":192,"column":0},"end":{"line":217,"column":0}},"141":{"start":{"line":193,"column":1},"end":{"line":193,"column":23}},"142":{"start":{"line":194,"column":1},"end":{"line":194,"column":24}},"143":{"start":{"line":194,"column":13},"end":{"line":194,"column":24}},"144":{"start":{"line":195,"column":1},"end":{"line":195,"column":42}},"145":{"start":{"line":195,"column":29},"end":{"line":195,"column":42}},"146":{"start":{"line":196,"column":1},"end":{"line":196,"column":15}},"147":{"start":{"line":197,"column":1},"end":{"line":214,"column":2}},"148":{"start":{"line":198,"column":2},"end":{"line":213,"column":3}},"149":{"start":{"line":199,"column":3},"end":{"line":212,"column":4}},"150":{"start":{"line":200,"column":4},"end":{"line":211,"column":5}},"151":{"start":{"line":201,"column":5},"end":{"line":210,"column":6}},"152":{"start":{"line":202,"column":6},"end":{"line":202,"column":41}},"153":{"start":{"line":203,"column":6},"end":{"line":203,"column":41}},"154":{"start":{"line":208,"column":6},"end":{"line":208,"column":33}},"155":{"start":{"line":209,"column":6},"end":{"line":209,"column":29}},"156":{"start":{"line":215,"column":1},"end":{"line":215,"column":14}},"157":{"start":{"line":217,"column":0},"end":{"line":238,"column":0}},"158":{"start":{"line":218,"column":1},"end":{"line":218,"column":23}},"159":{"start":{"line":219,"column":1},"end":{"line":219,"column":17}},"160":{"start":{"line":220,"column":1},"end":{"line":220,"column":17}},"161":{"start":{"line":221,"column":1},"end":{"line":221,"column":42}},"162":{"start":{"line":222,"column":1},"end":{"line":222,"column":38}},"163":{"start":{"line":224,"column":1},"end":{"line":224,"column":82}},"164":{"start":{"line":225,"column":1},"end":{"line":225,"column":15}},"165":{"start":{"line":226,"column":1},"end":{"line":228,"column":2}},"166":{"start":{"line":227,"column":2},"end":{"line":227,"column":39}},"167":{"start":{"line":229,"column":1},"end":{"line":229,"column":18}},"168":{"start":{"line":230,"column":1},"end":{"line":236,"column":2}},"169":{"start":{"line":231,"column":2},"end":{"line":231,"column":31}},"170":{"start":{"line":232,"column":2},"end":{"line":234,"column":3}},"171":{"start":{"line":233,"column":3},"end":{"line":233,"column":68}},"172":{"start":{"line":235,"column":2},"end":{"line":235,"column":19}},"173":{"start":{"line":238,"column":0},"end":{"line":241,"column":0}},"174":{"start":{"line":239,"column":1},"end":{"line":239,"column":56}},"175":{"start":{"line":241,"column":0},"end":{"line":250,"column":0}},"176":{"start":{"line":242,"column":1},"end":{"line":242,"column":43}},"177":{"start":{"line":243,"column":1},"end":{"line":246,"column":2}},"178":{"start":{"line":244,"column":2},"end":{"line":244,"column":82}},"179":{"start":{"line":244,"column":37},"end":{"line":244,"column":82}},"180":{"start":{"line":245,"column":2},"end":{"line":245,"column":14}},"181":{"start":{"line":247,"column":1},"end":{"line":247,"column":12}}},"branchMap":{"1":{"line":22,"type":"if","locations":[{"start":{"line":22,"column":1},"end":{"line":22,"column":1}},{"start":{"line":22,"column":1},"end":{"line":22,"column":1}}]},"2":{"line":46,"type":"binary-expr","locations":[{"start":{"line":46,"column":8},"end":{"line":46,"column":31}},{"start":{"line":46,"column":35},"end":{"line":46,"column":48}},{"start":{"line":46,"column":52},"end":{"line":46,"column":81}}]},"3":{"line":47,"type":"if","locations":[{"start":{"line":47,"column":1},"end":{"line":47,"column":1}},{"start":{"line":47,"column":1},"end":{"line":47,"column":1}}]},"4":{"line":51,"type":"if","locations":[{"start":{"line":51,"column":2},"end":{"line":51,"column":2}},{"start":{"line":51,"column":2},"end":{"line":51,"column":2}}]},"5":{"line":75,"type":"if","locations":[{"start":{"line":75,"column":2},"end":{"line":75,"column":2}},{"start":{"line":75,"column":2},"end":{"line":75,"column":2}}]},"6":{"line":110,"type":"if","locations":[{"start":{"line":110,"column":2},"end":{"line":110,"column":2}},{"start":{"line":110,"column":2},"end":{"line":110,"column":2}}]},"7":{"line":150,"type":"if","locations":[{"start":{"line":150,"column":1},"end":{"line":150,"column":1}},{"start":{"line":150,"column":1},"end":{"line":150,"column":1}}]},"8":{"line":157,"type":"if","locations":[{"start":{"line":157,"column":1},"end":{"line":157,"column":1}},{"start":{"line":157,"column":1},"end":{"line":157,"column":1}}]},"9":{"line":166,"type":"if","locations":[{"start":{"line":166,"column":1},"end":{"line":166,"column":1}},{"start":{"line":166,"column":1},"end":{"line":166,"column":1}}]},"10":{"line":194,"type":"if","locations":[{"start":{"line":194,"column":1},"end":{"line":194,"column":1}},{"start":{"line":194,"column":1},"end":{"line":194,"column":1}}]},"11":{"line":201,"type":"if","locations":[{"start":{"line":201,"column":5},"end":{"line":201,"column":5}},{"start":{"line":201,"column":5},"end":{"line":201,"column":5}}]}},"l":{"2":1,"3":1,"5":1,"6":1,"9":1,"10":5050,"11":1,"14":1,"15":0,"16":0,"17":0,"20":1,"21":1,"22":1,"24":0,"29":1,"30":1,"31":1,"33":1,"34":1,"35":1,"36":1,"37":50,"40":1,"41":0,"43":1,"44":5050,"45":5050,"46":232227,"47":5050,"50":5050,"51":5050,"53":5050,"55":1,"56":5000,"57":5000,"59":5000,"60":5000,"61":5000,"63":1,"64":1,"65":1,"66":1,"73":1,"74":5,"75":5000,"76":0,"77":0,"79":5000,"81":5,"82":5,"90":1,"91":1,"92":1,"93":1,"94":1,"95":1,"98":1,"99":50,"100":50,"102":50,"103":50,"106":1,"107":5000,"108":5000,"109":5000,"110":30000,"111":15015,"113":14985,"116":5000,"117":98642,"118":5000,"121":1,"122":1,"123":5050,"124":5050,"125":5050,"126":5050,"127":5050,"129":1,"130":300,"132":1,"133":300,"134":300,"135":7200,"137":300,"138":7200,"139":7200,"140":7200,"142":300,"144":30300,"145":30000,"146":1,"147":1,"148":98642,"149":98642,"150":98642,"151":94521,"152":94521,"153":94521,"154":94521,"156":1,"157":237794,"158":5050,"162":237794,"164":1,"165":5050,"166":5050,"167":2908800,"168":5050,"169":5050,"170":30300,"172":181800,"173":181800,"174":181800,"175":181800,"177":181800,"178":181800,"179":181800,"180":181800,"182":181800,"184":181800,"185":181800,"186":181800,"187":181800,"190":5050,"192":1,"193":5050,"194":5050,"195":2908800,"196":5050,"197":5050,"198":30300,"199":181800,"200":727200,"201":2908800,"202":2181600,"203":2181600,"208":2181600,"209":2181600,"215":5050,"217":1,"218":0,"219":0,"220":0,"221":0,"222":0,"224":0,"225":0,"226":0,"227":0,"229":0,"230":0,"231":0,"232":0,"233":0,"235":0,"238":1,"239":0,"241":1,"242":0,"243":0,"244":0,"245":0,"247":0}}}
