TN:
SF:/Users/paul/play/js/bridge.js
FN:9,(anonymous_1)
FN:10,(anonymous_2)
FN:14,completion_report
FN:20,handle_command
FN:29,population
FN:33,(anonymous_6)
FN:40,(anonymous_7)
FN:43,(anonymous_8)
FN:55,(anonymous_9)
FN:63,(anonymous_10)
FN:73,(anonymous_11)
FN:82,(anonymous_12)
FN:90,bridge_breeder
FN:98,(anonymous_14)
FN:106,(anonymous_15)
FN:121,bridge_species
FN:122,(anonymous_17)
FN:129,(anonymous_18)
FN:132,(anonymous_19)
FN:144,(anonymous_20)
FN:145,(anonymous_21)
FN:146,(anonymous_22)
FN:147,(anonymous_23)
FN:156,(anonymous_24)
FN:164,(anonymous_25)
FN:192,(anonymous_26)
FN:217,(anonymous_27)
FN:238,(anonymous_28)
FN:241,(anonymous_29)
FNF:29
FNH:23
FNDA:1,(anonymous_1)
FNDA:5050,(anonymous_2)
FNDA:0,completion_report
FNDA:1,handle_command
FNDA:1,population
FNDA:1,(anonymous_6)
FNDA:0,(anonymous_7)
FNDA:5050,(anonymous_8)
FNDA:5000,(anonymous_9)
FNDA:1,(anonymous_10)
FNDA:5,(anonymous_11)
FNDA:4,(anonymous_12)
FNDA:1,bridge_breeder
FNDA:50,(anonymous_14)
FNDA:5000,(anonymous_15)
FNDA:5050,bridge_species
FNDA:5050,(anonymous_17)
FNDA:50,(anonymous_18)
FNDA:300,(anonymous_19)
FNDA:30300,(anonymous_20)
FNDA:30000,(anonymous_21)
FNDA:0,(anonymous_22)
FNDA:98642,(anonymous_23)
FNDA:237794,(anonymous_24)
FNDA:5050,(anonymous_25)
FNDA:5050,(anonymous_26)
FNDA:0,(anonymous_27)
FNDA:0,(anonymous_28)
FNDA:0,(anonymous_29)
DA:2,1
DA:3,1
DA:5,1
DA:6,1
DA:9,1
DA:10,5050
DA:11,1
DA:14,1
DA:15,0
DA:16,0
DA:17,0
DA:20,1
DA:21,1
DA:22,1
DA:24,0
DA:29,1
DA:30,1
DA:31,1
DA:33,1
DA:34,1
DA:35,1
DA:36,1
DA:37,50
DA:40,1
DA:41,0
DA:43,1
DA:44,5050
DA:45,5050
DA:46,232227
DA:47,5050
DA:50,5050
DA:51,5050
DA:53,5050
DA:55,1
DA:56,5000
DA:57,5000
DA:59,5000
DA:60,5000
DA:61,5000
DA:63,1
DA:64,1
DA:65,1
DA:66,1
DA:73,1
DA:74,5
DA:75,5000
DA:76,0
DA:77,0
DA:79,5000
DA:81,5
DA:82,5
DA:90,1
DA:91,1
DA:92,1
DA:93,1
DA:94,1
DA:95,1
DA:98,1
DA:99,50
DA:100,50
DA:102,50
DA:103,50
DA:106,1
DA:107,5000
DA:108,5000
DA:109,5000
DA:110,30000
DA:111,15015
DA:113,14985
DA:116,5000
DA:117,98642
DA:118,5000
DA:121,1
DA:122,1
DA:123,5050
DA:124,5050
DA:125,5050
DA:126,5050
DA:127,5050
DA:129,1
DA:130,300
DA:132,1
DA:133,300
DA:134,300
DA:135,7200
DA:137,300
DA:138,7200
DA:139,7200
DA:140,7200
DA:142,300
DA:144,30300
DA:145,30000
DA:146,1
DA:147,1
DA:148,98642
DA:149,98642
DA:150,98642
DA:151,94521
DA:152,94521
DA:153,94521
DA:154,94521
DA:156,1
DA:157,237794
DA:158,5050
DA:162,237794
DA:164,1
DA:165,5050
DA:166,5050
DA:167,2908800
DA:168,5050
DA:169,5050
DA:170,30300
DA:172,181800
DA:173,181800
DA:174,181800
DA:175,181800
DA:177,181800
DA:178,181800
DA:179,181800
DA:180,181800
DA:182,181800
DA:184,181800
DA:185,181800
DA:186,181800
DA:187,181800
DA:190,5050
DA:192,1
DA:193,5050
DA:194,5050
DA:195,2908800
DA:196,5050
DA:197,5050
DA:198,30300
DA:199,181800
DA:200,727200
DA:201,2908800
DA:202,2181600
DA:203,2181600
DA:208,2181600
DA:209,2181600
DA:215,5050
DA:217,1
DA:218,0
DA:219,0
DA:220,0
DA:221,0
DA:222,0
DA:224,0
DA:225,0
DA:226,0
DA:227,0
DA:229,0
DA:230,0
DA:231,0
DA:232,0
DA:233,0
DA:235,0
DA:238,1
DA:239,0
DA:241,1
DA:242,0
DA:243,0
DA:244,0
DA:245,0
DA:247,0
LF:165
LH:137
BRDA:22,1,0,0
BRDA:22,1,1,1
BRDA:46,2,0,237277
BRDA:46,2,1,232744
BRDA:46,2,2,232744
BRDA:47,3,0,5050
BRDA:47,3,1,0
BRDA:51,4,0,5000
BRDA:51,4,1,50
BRDA:75,5,0,0
BRDA:75,5,1,5000
BRDA:110,6,0,15015
BRDA:110,6,1,14985
BRDA:150,7,0,4121
BRDA:150,7,1,94521
BRDA:157,8,0,5050
BRDA:157,8,1,232744
BRDA:166,9,0,5050
BRDA:166,9,1,0
BRDA:194,10,0,5050
BRDA:194,10,1,0
BRDA:201,11,0,2181600
BRDA:201,11,1,727200
BRF:23
BRH:18
end_of_record
